<?xml version="1.0" encoding="UTF-8"?>
<!-- Generated by org.testng.reporters.JUnitReportReporter -->
<testsuite hostname="DESKTOP-OI1AHPK" failures="0" tests="1" name="testNGDemo.HRMdatapassingUsingXml" time="10.360" errors="0" timestamp="2024-06-19T23:47:29 IST" skipped="0">
  <testcase classname="testNGDemo.HRMdatapassingUsingXml" name="logintest" time="10.360"/>
  <system-out/>
</testsuite> <!-- testNGDemo.HRMdatapassingUsingXml -->
