<?xml version="1.0" encoding="UTF-8"?>
<!-- Generated by org.testng.reporters.JUnitReportReporter -->
<testsuite hostname="DESKTOP-OI1AHPK" failures="0" tests="2" name="testNGDemo.TestDisablefromExecution" time="0.014" errors="0" timestamp="2024-06-12T15:49:55 IST" skipped="1">
  <testcase classname="testNGDemo.TestDisablefromExecution" name="testcase4" time="0.014"/>
  <system-out/>
  <testcase classname="testNGDemo.TestDisablefromExecution" name="testcase3">
    <skipped/>
  </testcase> <!-- testcase3 -->
  <system-out/>
</testsuite> <!-- testNGDemo.TestDisablefromExecution -->
