<?xml version="1.0" encoding="UTF-8"?>
<!-- Generated by org.testng.reporters.JUnitReportReporter -->
<testsuite hostname="DESKTOP-OI1AHPK" failures="0" tests="4" name="testNGDemo.TestDemo3_Priority" time="0.034" errors="0" timestamp="2024-06-11T21:17:15 IST" skipped="0">
  <testcase classname="testNGDemo.TestDemo3_Priority" name="registertest" time="0.016"/>
  <system-out/>
  <testcase classname="testNGDemo.TestDemo3_Priority" name="logintest" time="0.006"/>
  <system-out/>
  <testcase classname="testNGDemo.TestDemo3_Priority" name="searchproducttest" time="0.002"/>
  <system-out/>
  <testcase classname="testNGDemo.TestDemo3_Priority" name="addtocarttest" time="0.010"/>
  <system-out/>
</testsuite> <!-- testNGDemo.TestDemo3_Priority -->
