<?xml version="1.0" encoding="UTF-8"?>
<!-- Generated by org.testng.reporters.JUnitReportReporter -->
<testsuite hostname="DESKTOP-OI1AHPK" failures="0" tests="3" name="parallel_crossbrowsertest.CrossBrowserTest" time="36.435" errors="0" timestamp="2024-06-27T18:49:24 IST" skipped="0">
  <testcase classname="parallel_crossbrowsertest.CrossBrowserTest" name="browserTest" time="17.026"/>
  <system-out/>
  <testcase classname="parallel_crossbrowsertest.CrossBrowserTest" name="browserTest" time="10.599"/>
  <system-out/>
  <testcase classname="parallel_crossbrowsertest.CrossBrowserTest" name="browserTest" time="8.810"/>
  <system-out/>
</testsuite> <!-- parallel_crossbrowsertest.CrossBrowserTest -->
