<?xml version="1.0" encoding="UTF-8"?>
<!-- Generated by org.testng.reporters.JUnitReportReporter -->
<testsuite hostname="DESKTOP-OI1AHPK" failures="0" tests="5" name="testNGDemo.TestDemo4_InvocationCount" time="0.038" errors="0" timestamp="2024-06-11T21:21:28 IST" skipped="0">
  <testcase classname="testNGDemo.TestDemo4_InvocationCount" name="enrollforcourse" time="0.017"/>
  <system-out/>
  <testcase classname="testNGDemo.TestDemo4_InvocationCount" name="training" time="0.004"/>
  <system-out/>
  <testcase classname="testNGDemo.TestDemo4_InvocationCount" name="placementcall" time="0.005"/>
  <system-out/>
  <testcase classname="testNGDemo.TestDemo4_InvocationCount" name="placementcall" time="0.009"/>
  <system-out/>
  <testcase classname="testNGDemo.TestDemo4_InvocationCount" name="placementcall" time="0.003"/>
  <system-out/>
</testsuite> <!-- testNGDemo.TestDemo4_InvocationCount -->
