<?xml version="1.0" encoding="UTF-8"?>
<!-- Generated by org.testng.reporters.JUnitReportReporter -->
<testsuite hostname="DESKTOP-OI1AHPK" failures="0" tests="2" name="testNGDemo.GroupTestDemo" time="0.019" errors="0" timestamp="2024-06-12T16:08:09 IST" skipped="0">
  <testcase classname="testNGDemo.GroupTestDemo" name="verifyurl" time="0.015"/>
  <system-out/>
  <testcase classname="testNGDemo.GroupTestDemo" name="verifylink" time="0.004"/>
  <system-out/>
</testsuite> <!-- testNGDemo.GroupTestDemo -->
