<?xml version="1.0" encoding="UTF-8"?>
<!-- Generated by org.testng.reporters.JUnitReportReporter -->
<testsuite hostname="DESKTOP-OI1AHPK" failures="0" tests="1" name="dockerseleniumgrid.SeleniumGridTest" time="19.015" errors="0" timestamp="2024-02-29T00:46:29 IST" skipped="0">
  <testcase classname="dockerseleniumgrid.SeleniumGridTest" name="gridTest" time="19.015"/>
  <system-out/>
</testsuite> <!-- dockerseleniumgrid.SeleniumGridTest -->
