<?xml version="1.0" encoding="UTF-8"?>
<!-- Generated by org.testng.reporters.JUnitReportReporter -->
<testsuite hostname="DESKTOP-OI1AHPK" failures="0" tests="3" name="pageobjectmodelorangehrm.testcases.NewLoginPageTest" time="1.862" errors="0" timestamp="2024-06-14T00:45:01 IST" skipped="0">
  <testcase classname="pageobjectmodelorangehrm.testcases.NewLoginPageTest" name="verifyurl" time="0.029"/>
  <system-out/>
  <testcase classname="pageobjectmodelorangehrm.testcases.NewLoginPageTest" name="verifylogin" time="1.817"/>
  <system-out/>
  <testcase classname="pageobjectmodelorangehrm.testcases.NewLoginPageTest" name="veriftitle" time="0.016"/>
  <system-out/>
</testsuite> <!-- pageobjectmodelorangehrm.testcases.NewLoginPageTest -->
