<?xml version="1.0" encoding="UTF-8"?>
<!-- Generated by org.testng.reporters.JUnitReportReporter -->
<testsuite hostname="DESKTOP-OI1AHPK" failures="0" tests="3" name="pageobjectmodelorangehrm.testcases.LoginPageTest" time="1.886" errors="0" timestamp="2024-06-13T23:49:34 IST" skipped="0">
  <testcase classname="pageobjectmodelorangehrm.testcases.LoginPageTest" name="verifyurl" time="0.024"/>
  <system-out/>
  <testcase classname="pageobjectmodelorangehrm.testcases.LoginPageTest" name="verifytitle" time="0.014"/>
  <system-out/>
  <testcase classname="pageobjectmodelorangehrm.testcases.LoginPageTest" name="verifylogin" time="1.848"/>
  <system-out/>
</testsuite> <!-- pageobjectmodelorangehrm.testcases.LoginPageTest -->
