<?xml version="1.0" encoding="UTF-8"?>
<!-- Generated by org.testng.reporters.JUnitReportReporter -->
<testsuite hostname="DESKTOP-OI1AHPK" failures="0" tests="1" name="testNGDemo.TestDataUsingXml" time="0.018" errors="0" timestamp="2024-06-19T21:55:05 IST" skipped="0">
  <testcase classname="testNGDemo.TestDataUsingXml" name="loginTest" time="0.018"/>
  <system-out/>
</testsuite> <!-- testNGDemo.TestDataUsingXml -->
