<?xml version="1.0" encoding="UTF-8"?>
<!-- Generated by org.testng.reporters.JUnitReportReporter -->
<testsuite hostname="DESKTOP-OI1AHPK" failures="0" tests="1" name="testNGDemo.GoogleTitleValidation" time="5.708" errors="0" timestamp="2024-06-12T13:13:04 IST" skipped="0">
  <testcase classname="testNGDemo.GoogleTitleValidation" name="titlevalidation" time="5.708"/>
  <system-out/>
</testsuite> <!-- testNGDemo.GoogleTitleValidation -->
