<?xml version="1.0" encoding="UTF-8"?>
<!-- Generated by org.testng.reporters.JUnitReportReporter -->
<testsuite hostname="DESKTOP-OI1AHPK" failures="0" tests="4" name="datadriventest.UsingArray" time="0.023" errors="0" timestamp="2024-06-27T19:26:26 IST" skipped="0">
  <testcase classname="datadriventest.UsingArray" name="loginTest" time="0.004"/>
  <system-out/>
  <testcase classname="datadriventest.UsingArray" name="loginTest" time="0.013"/>
  <system-out/>
  <testcase classname="datadriventest.UsingArray" name="loginTest" time="0.003"/>
  <system-out/>
  <testcase classname="datadriventest.UsingArray" name="loginTest" time="0.003"/>
  <system-out/>
</testsuite> <!-- datadriventest.UsingArray -->
