<?xml version="1.0" encoding="UTF-8"?>
<!-- Generated by org.testng.reporters.JUnitReportReporter -->
<testsuite hostname="DESKTOP-OI1AHPK" failures="0" tests="1" name="datadriventest.ExcelDataRead" time="1.094" errors="0" timestamp="2024-06-27T20:09:39 IST" skipped="0">
  <testcase classname="datadriventest.ExcelDataRead" name="dataRead" time="1.094"/>
  <system-out/>
</testsuite> <!-- datadriventest.ExcelDataRead -->
