<?xml version="1.0" encoding="UTF-8"?>
<!-- Generated by org.testng.reporters.JUnitReportReporter -->
<testsuite hostname="DESKTOP-OI1AHPK" failures="0" tests="1" name="testNGDemo.ScreenshotDemo" time="10.345" errors="0" timestamp="2024-06-17T18:36:18 IST" skipped="0">
  <testcase classname="testNGDemo.ScreenshotDemo" name="capture" time="10.345"/>
  <system-out/>
</testsuite> <!-- testNGDemo.ScreenshotDemo -->
