<?xml version="1.0" encoding="UTF-8"?>
<!-- Generated by org.testng.reporters.JUnitReportReporter -->
<testsuite hostname="DESKTOP-OI1AHPK" failures="0" tests="2" name="realtimeAnnotationsUse.CRMTestCases" time="3.940" errors="0" timestamp="2024-06-13T21:39:00 IST" skipped="0">
  <testcase classname="realtimeAnnotationsUse.CRMTestCases" name="signinlinkvalidation" time="1.387"/>
  <system-out/>
  <testcase classname="realtimeAnnotationsUse.CRMTestCases" name="loginvalidation" time="2.553"/>
  <system-out/>
</testsuite> <!-- realtimeAnnotationsUse.CRMTestCases -->
