<?xml version="1.0" encoding="UTF-8"?>
<!-- Generated by org.testng.reporters.JUnitReportReporter -->
<testsuite hostname="DESKTOP-OI1AHPK" failures="0" tests="1" name="realtimeAnnotationsUse.CRMTestBasic" time="6.610" errors="0" timestamp="2024-06-13T18:01:13 IST" skipped="0">
  <testcase classname="realtimeAnnotationsUse.CRMTestBasic" name="crmtest" time="6.610"/>
  <system-out/>
</testsuite> <!-- realtimeAnnotationsUse.CRMTestBasic -->
