<?xml version="1.0" encoding="UTF-8"?>
<!-- Generated by org.testng.reporters.JUnitReportReporter -->
<testsuite hostname="DESKTOP-OI1AHPK" failures="0" tests="1" name="parallel_crossbrowsertest.Class1" time="5.541" errors="0" timestamp="2024-06-27T17:50:57 IST" skipped="0">
  <testcase classname="parallel_crossbrowsertest.Class1" name="chromeTest" time="5.541"/>
  <system-out/>
</testsuite> <!-- parallel_crossbrowsertest.Class1 -->
