<?xml version="1.0" encoding="UTF-8"?>
<!-- Generated by org.testng.reporters.JUnitReportReporter -->
<testsuite hostname="DESKTOP-OI1AHPK" failures="0" tests="1" name="datadriventest.ExtentReportDemo" time="0.995" errors="0" timestamp="2024-06-28T00:11:18 IST" skipped="0">
  <testcase classname="datadriventest.ExtentReportDemo" name="reportTest" time="0.995"/>
  <system-out/>
</testsuite> <!-- datadriventest.ExtentReportDemo -->
