<?xml version="1.0" encoding="UTF-8"?>
<!-- Generated by org.testng.reporters.JUnitReportReporter -->
<testsuite hostname="DESKTOP-OI1AHPK" failures="0" tests="3" name="testNGDemo.AnotationDemo" time="0.023" errors="0" timestamp="2024-06-12T16:20:28 IST" skipped="0">
  <testcase classname="testNGDemo.AnotationDemo" name="registertest" time="0.011"/>
  <system-out/>
  <testcase classname="testNGDemo.AnotationDemo" name="logintest" time="0.006"/>
  <system-out/>
  <testcase classname="testNGDemo.AnotationDemo" name="logouttest" time="0.006"/>
  <system-out/>
</testsuite> <!-- testNGDemo.AnotationDemo -->
