<?xml version="1.0" encoding="UTF-8"?>
<!-- Generated by org.testng.reporters.JUnitReportReporter -->
<testsuite hostname="DESKTOP-OI1AHPK" failures="0" tests="1" name="testNGDemo.PropertiesFileGoogleRead" time="5.280" errors="0" timestamp="2024-06-27T17:27:15 IST" skipped="0">
  <testcase classname="testNGDemo.PropertiesFileGoogleRead" name="readFile" time="5.280"/>
  <system-out/>
</testsuite> <!-- testNGDemo.PropertiesFileGoogleRead -->
