<?xml version="1.0" encoding="UTF-8"?>
<!-- Generated by org.testng.reporters.JUnitReportReporter -->
<testsuite hostname="DESKTOP-OI1AHPK" failures="0" tests="3" name="parallel_crossbrowsertest.ParallelwithMethod" time="47.961" errors="0" timestamp="2024-06-27T17:45:46 IST" skipped="0">
  <testcase classname="parallel_crossbrowsertest.ParallelwithMethod" name="chromeTest" time="6.552"/>
  <system-out/>
  <testcase classname="parallel_crossbrowsertest.ParallelwithMethod" name="firefoxTest" time="19.381"/>
  <system-out/>
  <testcase classname="parallel_crossbrowsertest.ParallelwithMethod" name="edgeTest" time="22.028"/>
  <system-out/>
</testsuite> <!-- parallel_crossbrowsertest.ParallelwithMethod -->
